<?xml version="1.0" encoding="UTF-8"?>
<!-- Generated by org.testng.reporters.JUnitReportReporter -->
<testsuite hostname="ojt2-PC" name="DriverFactory.DriverScript" tests="1" failures="0" timestamp="2 Dec 2019 08:22:20 GMT" time="51.967" errors="0">
  <testcase name="StartTest" time="51.967" classname="DriverFactory.DriverScript"/>
</testsuite> <!-- DriverFactory.DriverScript -->
