<?xml version="1.0" encoding="UTF-8"?>
<!-- Generated by org.testng.reporters.JUnitReportReporter -->
<testsuite hostname="ojt2-PC" name="DriverFactory.Driverscript1" tests="1" failures="0" timestamp="2 Dec 2019 09:39:19 GMT" time="20.763" errors="0">
  <testcase name="starttest" time="20.763" classname="DriverFactory.Driverscript1"/>
</testsuite> <!-- DriverFactory.Driverscript1 -->
